<?xml version="1.0" encoding="UTF-8"?>
<testsuite xmlns:xsi="http://www.w3.org/2001/XMLSchema-instance" xsi:noNamespaceSchemaLocation="https://maven.apache.org/surefire/maven-surefire-plugin/xsd/surefire-test-report.xsd" name="kube.BackendAppTests" time="5.541" tests="1" errors="0" skipped="0" failures="0">
  <properties>
    <property name="gopherProxySet" value="false"/>
    <property name="awt.toolkit" value="sun.lwawt.macosx.LWCToolkit"/>
    <property name="java.specification.version" value="11"/>
    <property name="sun.cpu.isalist" value=""/>
    <property name="sun.jnu.encoding" value="UTF-8"/>
    <property name="java.class.path" value="/Users/andrei_pushkin/mygcp.git/kube/backend/target/test-classes:/Users/andrei_pushkin/mygcp.git/kube/backend/target/classes:/Users/andrei_pushkin/.m2/repository/io/micrometer/micrometer-registry-stackdriver/1.3.3/micrometer-registry-stackdriver-1.3.3.jar:/Users/andrei_pushkin/.m2/repository/io/micrometer/micrometer-core/1.3.3/micrometer-core-1.3.3.jar:/Users/andrei_pushkin/.m2/repository/org/hdrhistogram/HdrHistogram/2.1.11/HdrHistogram-2.1.11.jar:/Users/andrei_pushkin/.m2/repository/org/latencyutils/LatencyUtils/2.0.3/LatencyUtils-2.0.3.jar:/Users/andrei_pushkin/.m2/repository/com/google/cloud/google-cloud-monitoring/1.93.0/google-cloud-monitoring-1.93.0.jar:/Users/andrei_pushkin/.m2/repository/com/google/cloud/google-cloud-core-grpc/1.90.0/google-cloud-core-grpc-1.90.0.jar:/Users/andrei_pushkin/.m2/repository/com/google/auth/google-auth-library-credentials/0.17.1/google-auth-library-credentials-0.17.1.jar:/Users/andrei_pushkin/.m2/repository/com/google/cloud/google-cloud-core/1.90.0/google-cloud-core-1.90.0.jar:/Users/andrei_pushkin/.m2/repository/com/google/api/gax/1.48.1/gax-1.48.1.jar:/Users/andrei_pushkin/.m2/repository/io/opencensus/opencensus-api/0.23.0/opencensus-api-0.23.0.jar:/Users/andrei_pushkin/.m2/repository/io/grpc/grpc-context/1.19.0/grpc-context-1.19.0.jar:/Users/andrei_pushkin/.m2/repository/com/google/protobuf/protobuf-java-util/3.9.1/protobuf-java-util-3.9.1.jar:/Users/andrei_pushkin/.m2/repository/com/google/code/gson/gson/2.8.6/gson-2.8.6.jar:/Users/andrei_pushkin/.m2/repository/com/google/api/grpc/proto-google-iam-v1/0.12.0/proto-google-iam-v1-0.12.0.jar:/Users/andrei_pushkin/.m2/repository/com/google/guava/guava/28.0-android/guava-28.0-android.jar:/Users/andrei_pushkin/.m2/repository/com/google/guava/failureaccess/1.0.1/failureaccess-1.0.1.jar:/Users/andrei_pushkin/.m2/repository/com/google/guava/listenablefuture/9999.0-empty-to-avoid-conflict-with-guava/listenablefuture-9999.0-empty-to-avoid-conflict-with-guava.jar:/Users/andrei_pushkin/.m2/repository/com/google/code/findbugs/jsr305/3.0.2/jsr305-3.0.2.jar:/Users/andrei_pushkin/.m2/repository/org/checkerframework/checker-compat-qual/2.5.5/checker-compat-qual-2.5.5.jar:/Users/andrei_pushkin/.m2/repository/com/google/errorprone/error_prone_annotations/2.3.2/error_prone_annotations-2.3.2.jar:/Users/andrei_pushkin/.m2/repository/com/google/j2objc/j2objc-annotations/1.3/j2objc-annotations-1.3.jar:/Users/andrei_pushkin/.m2/repository/org/codehaus/mojo/animal-sniffer-annotations/1.17/animal-sniffer-annotations-1.17.jar:/Users/andrei_pushkin/.m2/repository/com/google/api/gax-grpc/1.48.1/gax-grpc-1.48.1.jar:/Users/andrei_pushkin/.m2/repository/io/grpc/grpc-stub/1.23.0/grpc-stub-1.23.0.jar:/Users/andrei_pushkin/.m2/repository/io/grpc/grpc-api/1.23.0/grpc-api-1.23.0.jar:/Users/andrei_pushkin/.m2/repository/io/grpc/grpc-auth/1.23.0/grpc-auth-1.23.0.jar:/Users/andrei_pushkin/.m2/repository/io/grpc/grpc-protobuf/1.23.0/grpc-protobuf-1.23.0.jar:/Users/andrei_pushkin/.m2/repository/io/grpc/grpc-protobuf-lite/1.23.0/grpc-protobuf-lite-1.23.0.jar:/Users/andrei_pushkin/.m2/repository/org/threeten/threetenbp/1.3.3/threetenbp-1.3.3.jar:/Users/andrei_pushkin/.m2/repository/com/google/auth/google-auth-library-oauth2-http/0.17.1/google-auth-library-oauth2-http-0.17.1.jar:/Users/andrei_pushkin/.m2/repository/com/google/auto/value/auto-value-annotations/1.6.6/auto-value-annotations-1.6.6.jar:/Users/andrei_pushkin/.m2/repository/com/google/http-client/google-http-client/1.31.0/google-http-client-1.31.0.jar:/Users/andrei_pushkin/.m2/repository/org/apache/httpcomponents/httpclient/4.5.10/httpclient-4.5.10.jar:/Users/andrei_pushkin/.m2/repository/commons-codec/commons-codec/1.13/commons-codec-1.13.jar:/Users/andrei_pushkin/.m2/repository/org/apache/httpcomponents/httpcore/4.4.12/httpcore-4.4.12.jar:/Users/andrei_pushkin/.m2/repository/io/opencensus/opencensus-contrib-http-util/0.21.0/opencensus-contrib-http-util-0.21.0.jar:/Users/andrei_pushkin/.m2/repository/com/google/http-client/google-http-client-jackson2/1.31.0/google-http-client-jackson2-1.31.0.jar:/Users/andrei_pushkin/.m2/repository/io/grpc/grpc-netty-shaded/1.23.0/grpc-netty-shaded-1.23.0.jar:/Users/andrei_pushkin/.m2/repository/io/grpc/grpc-core/1.23.0/grpc-core-1.23.0.jar:/Users/andrei_pushkin/.m2/repository/com/google/android/annotations/4.1.1.4/annotations-4.1.1.4.jar:/Users/andrei_pushkin/.m2/repository/io/perfmark/perfmark-api/0.17.0/perfmark-api-0.17.0.jar:/Users/andrei_pushkin/.m2/repository/io/opencensus/opencensus-contrib-grpc-metrics/0.21.0/opencensus-contrib-grpc-metrics-0.21.0.jar:/Users/andrei_pushkin/.m2/repository/io/grpc/grpc-alts/1.23.0/grpc-alts-1.23.0.jar:/Users/andrei_pushkin/.m2/repository/io/grpc/grpc-grpclb/1.23.0/grpc-grpclb-1.23.0.jar:/Users/andrei_pushkin/.m2/repository/org/apache/commons/commons-lang3/3.9/commons-lang3-3.9.jar:/Users/andrei_pushkin/.m2/repository/com/google/api/grpc/proto-google-cloud-monitoring-v3/1.75.0/proto-google-cloud-monitoring-v3-1.75.0.jar:/Users/andrei_pushkin/.m2/repository/com/google/protobuf/protobuf-java/3.10.0/protobuf-java-3.10.0.jar:/Users/andrei_pushkin/.m2/repository/com/google/api/api-common/1.8.1/api-common-1.8.1.jar:/Users/andrei_pushkin/.m2/repository/com/google/api/grpc/proto-google-common-protos/1.16.0/proto-google-common-protos-1.16.0.jar:/Users/andrei_pushkin/.m2/repository/org/slf4j/slf4j-api/1.7.29/slf4j-api-1.7.29.jar:/Users/andrei_pushkin/.m2/repository/org/springframework/boot/spring-boot-starter-actuator/2.3.0.M1/spring-boot-starter-actuator-2.3.0.M1.jar:/Users/andrei_pushkin/.m2/repository/org/springframework/boot/spring-boot-starter/2.3.0.M1/spring-boot-starter-2.3.0.M1.jar:/Users/andrei_pushkin/.m2/repository/org/springframework/boot/spring-boot/2.3.0.M1/spring-boot-2.3.0.M1.jar:/Users/andrei_pushkin/.m2/repository/org/springframework/boot/spring-boot-autoconfigure/2.3.0.M1/spring-boot-autoconfigure-2.3.0.M1.jar:/Users/andrei_pushkin/.m2/repository/org/springframework/boot/spring-boot-starter-logging/2.3.0.M1/spring-boot-starter-logging-2.3.0.M1.jar:/Users/andrei_pushkin/.m2/repository/ch/qos/logback/logback-classic/1.2.3/logback-classic-1.2.3.jar:/Users/andrei_pushkin/.m2/repository/ch/qos/logback/logback-core/1.2.3/logback-core-1.2.3.jar:/Users/andrei_pushkin/.m2/repository/org/apache/logging/log4j/log4j-to-slf4j/2.12.1/log4j-to-slf4j-2.12.1.jar:/Users/andrei_pushkin/.m2/repository/org/apache/logging/log4j/log4j-api/2.12.1/log4j-api-2.12.1.jar:/Users/andrei_pushkin/.m2/repository/org/slf4j/jul-to-slf4j/1.7.29/jul-to-slf4j-1.7.29.jar:/Users/andrei_pushkin/.m2/repository/jakarta/annotation/jakarta.annotation-api/1.3.5/jakarta.annotation-api-1.3.5.jar:/Users/andrei_pushkin/.m2/repository/org/yaml/snakeyaml/1.25/snakeyaml-1.25.jar:/Users/andrei_pushkin/.m2/repository/org/springframework/boot/spring-boot-actuator-autoconfigure/2.3.0.M1/spring-boot-actuator-autoconfigure-2.3.0.M1.jar:/Users/andrei_pushkin/.m2/repository/org/springframework/boot/spring-boot-actuator/2.3.0.M1/spring-boot-actuator-2.3.0.M1.jar:/Users/andrei_pushkin/.m2/repository/com/fasterxml/jackson/core/jackson-databind/2.10.1/jackson-databind-2.10.1.jar:/Users/andrei_pushkin/.m2/repository/com/fasterxml/jackson/core/jackson-annotations/2.10.1/jackson-annotations-2.10.1.jar:/Users/andrei_pushkin/.m2/repository/com/fasterxml/jackson/core/jackson-core/2.10.1/jackson-core-2.10.1.jar:/Users/andrei_pushkin/.m2/repository/com/fasterxml/jackson/datatype/jackson-datatype-jsr310/2.10.1/jackson-datatype-jsr310-2.10.1.jar:/Users/andrei_pushkin/.m2/repository/org/springframework/spring-context/5.2.3.RELEASE/spring-context-5.2.3.RELEASE.jar:/Users/andrei_pushkin/.m2/repository/org/springframework/boot/spring-boot-starter-web/2.3.0.M1/spring-boot-starter-web-2.3.0.M1.jar:/Users/andrei_pushkin/.m2/repository/org/springframework/boot/spring-boot-starter-json/2.3.0.M1/spring-boot-starter-json-2.3.0.M1.jar:/Users/andrei_pushkin/.m2/repository/com/fasterxml/jackson/datatype/jackson-datatype-jdk8/2.10.1/jackson-datatype-jdk8-2.10.1.jar:/Users/andrei_pushkin/.m2/repository/com/fasterxml/jackson/module/jackson-module-parameter-names/2.10.1/jackson-module-parameter-names-2.10.1.jar:/Users/andrei_pushkin/.m2/repository/org/springframework/boot/spring-boot-starter-tomcat/2.3.0.M1/spring-boot-starter-tomcat-2.3.0.M1.jar:/Users/andrei_pushkin/.m2/repository/org/apache/tomcat/embed/tomcat-embed-core/9.0.30/tomcat-embed-core-9.0.30.jar:/Users/andrei_pushkin/.m2/repository/org/glassfish/jakarta.el/3.0.3/jakarta.el-3.0.3.jar:/Users/andrei_pushkin/.m2/repository/org/apache/tomcat/embed/tomcat-embed-websocket/9.0.30/tomcat-embed-websocket-9.0.30.jar:/Users/andrei_pushkin/.m2/repository/org/springframework/spring-web/5.2.3.RELEASE/spring-web-5.2.3.RELEASE.jar:/Users/andrei_pushkin/.m2/repository/org/springframework/spring-beans/5.2.3.RELEASE/spring-beans-5.2.3.RELEASE.jar:/Users/andrei_pushkin/.m2/repository/org/springframework/spring-webmvc/5.2.3.RELEASE/spring-webmvc-5.2.3.RELEASE.jar:/Users/andrei_pushkin/.m2/repository/org/springframework/spring-aop/5.2.3.RELEASE/spring-aop-5.2.3.RELEASE.jar:/Users/andrei_pushkin/.m2/repository/org/springframework/spring-expression/5.2.3.RELEASE/spring-expression-5.2.3.RELEASE.jar:/Users/andrei_pushkin/.m2/repository/org/springframework/boot/spring-boot-starter-test/2.3.0.M1/spring-boot-starter-test-2.3.0.M1.jar:/Users/andrei_pushkin/.m2/repository/org/springframework/boot/spring-boot-test/2.3.0.M1/spring-boot-test-2.3.0.M1.jar:/Users/andrei_pushkin/.m2/repository/org/springframework/boot/spring-boot-test-autoconfigure/2.3.0.M1/spring-boot-test-autoconfigure-2.3.0.M1.jar:/Users/andrei_pushkin/.m2/repository/com/jayway/jsonpath/json-path/2.4.0/json-path-2.4.0.jar:/Users/andrei_pushkin/.m2/repository/net/minidev/json-smart/2.3/json-smart-2.3.jar:/Users/andrei_pushkin/.m2/repository/net/minidev/accessors-smart/1.2/accessors-smart-1.2.jar:/Users/andrei_pushkin/.m2/repository/org/ow2/asm/asm/5.0.4/asm-5.0.4.jar:/Users/andrei_pushkin/.m2/repository/jakarta/xml/bind/jakarta.xml.bind-api/2.3.2/jakarta.xml.bind-api-2.3.2.jar:/Users/andrei_pushkin/.m2/repository/jakarta/activation/jakarta.activation-api/1.2.1/jakarta.activation-api-1.2.1.jar:/Users/andrei_pushkin/.m2/repository/org/assertj/assertj-core/3.14.0/assertj-core-3.14.0.jar:/Users/andrei_pushkin/.m2/repository/org/hamcrest/hamcrest/2.2/hamcrest-2.2.jar:/Users/andrei_pushkin/.m2/repository/org/junit/jupiter/junit-jupiter/5.5.2/junit-jupiter-5.5.2.jar:/Users/andrei_pushkin/.m2/repository/org/junit/jupiter/junit-jupiter-api/5.5.2/junit-jupiter-api-5.5.2.jar:/Users/andrei_pushkin/.m2/repository/org/apiguardian/apiguardian-api/1.1.0/apiguardian-api-1.1.0.jar:/Users/andrei_pushkin/.m2/repository/org/opentest4j/opentest4j/1.2.0/opentest4j-1.2.0.jar:/Users/andrei_pushkin/.m2/repository/org/junit/platform/junit-platform-commons/1.5.2/junit-platform-commons-1.5.2.jar:/Users/andrei_pushkin/.m2/repository/org/junit/jupiter/junit-jupiter-params/5.5.2/junit-jupiter-params-5.5.2.jar:/Users/andrei_pushkin/.m2/repository/org/junit/jupiter/junit-jupiter-engine/5.5.2/junit-jupiter-engine-5.5.2.jar:/Users/andrei_pushkin/.m2/repository/org/junit/platform/junit-platform-engine/1.5.2/junit-platform-engine-1.5.2.jar:/Users/andrei_pushkin/.m2/repository/org/mockito/mockito-core/3.2.0/mockito-core-3.2.0.jar:/Users/andrei_pushkin/.m2/repository/net/bytebuddy/byte-buddy/1.10.4/byte-buddy-1.10.4.jar:/Users/andrei_pushkin/.m2/repository/net/bytebuddy/byte-buddy-agent/1.10.4/byte-buddy-agent-1.10.4.jar:/Users/andrei_pushkin/.m2/repository/org/objenesis/objenesis/2.6/objenesis-2.6.jar:/Users/andrei_pushkin/.m2/repository/org/mockito/mockito-junit-jupiter/3.2.0/mockito-junit-jupiter-3.2.0.jar:/Users/andrei_pushkin/.m2/repository/org/skyscreamer/jsonassert/1.5.0/jsonassert-1.5.0.jar:/Users/andrei_pushkin/.m2/repository/com/vaadin/external/google/android-json/0.0.20131108.vaadin1/android-json-0.0.20131108.vaadin1.jar:/Users/andrei_pushkin/.m2/repository/org/springframework/spring-core/5.2.3.RELEASE/spring-core-5.2.3.RELEASE.jar:/Users/andrei_pushkin/.m2/repository/org/springframework/spring-jcl/5.2.3.RELEASE/spring-jcl-5.2.3.RELEASE.jar:/Users/andrei_pushkin/.m2/repository/org/springframework/spring-test/5.2.3.RELEASE/spring-test-5.2.3.RELEASE.jar:/Users/andrei_pushkin/.m2/repository/org/xmlunit/xmlunit-core/2.6.3/xmlunit-core-2.6.3.jar:"/>
    <property name="java.vm.vendor" value="Oracle Corporation"/>
    <property name="sun.arch.data.model" value="64"/>
    <property name="java.vendor.url" value="http://java.oracle.com/"/>
    <property name="user.timezone" value=""/>
    <property name="java.vm.specification.version" value="11"/>
    <property name="os.name" value="Mac OS X"/>
    <property name="sun.java.launcher" value="SUN_STANDARD"/>
    <property name="user.country" value="US"/>
    <property name="sun.boot.library.path" value="/Library/Java/JavaVirtualMachines/jdk-11.0.6.jdk/Contents/Home/lib"/>
    <property name="sun.java.command" value="/Users/andrei_pushkin/mygcp.git/kube/backend/target/surefire/surefirebooter11714478316694461861.jar /Users/andrei_pushkin/mygcp.git/kube/backend/target/surefire 2020-02-23T14-13-48_033-jvmRun1 surefire518413039320694497tmp surefire_06689820332038434917tmp"/>
    <property name="http.nonProxyHosts" value="local|*.local|169.254/16|*.169.254/16"/>
    <property name="jdk.debug" value="release"/>
    <property name="surefire.test.class.path" value="/Users/andrei_pushkin/mygcp.git/kube/backend/target/test-classes:/Users/andrei_pushkin/mygcp.git/kube/backend/target/classes:/Users/andrei_pushkin/.m2/repository/io/micrometer/micrometer-registry-stackdriver/1.3.3/micrometer-registry-stackdriver-1.3.3.jar:/Users/andrei_pushkin/.m2/repository/io/micrometer/micrometer-core/1.3.3/micrometer-core-1.3.3.jar:/Users/andrei_pushkin/.m2/repository/org/hdrhistogram/HdrHistogram/2.1.11/HdrHistogram-2.1.11.jar:/Users/andrei_pushkin/.m2/repository/org/latencyutils/LatencyUtils/2.0.3/LatencyUtils-2.0.3.jar:/Users/andrei_pushkin/.m2/repository/com/google/cloud/google-cloud-monitoring/1.93.0/google-cloud-monitoring-1.93.0.jar:/Users/andrei_pushkin/.m2/repository/com/google/cloud/google-cloud-core-grpc/1.90.0/google-cloud-core-grpc-1.90.0.jar:/Users/andrei_pushkin/.m2/repository/com/google/auth/google-auth-library-credentials/0.17.1/google-auth-library-credentials-0.17.1.jar:/Users/andrei_pushkin/.m2/repository/com/google/cloud/google-cloud-core/1.90.0/google-cloud-core-1.90.0.jar:/Users/andrei_pushkin/.m2/repository/com/google/api/gax/1.48.1/gax-1.48.1.jar:/Users/andrei_pushkin/.m2/repository/io/opencensus/opencensus-api/0.23.0/opencensus-api-0.23.0.jar:/Users/andrei_pushkin/.m2/repository/io/grpc/grpc-context/1.19.0/grpc-context-1.19.0.jar:/Users/andrei_pushkin/.m2/repository/com/google/protobuf/protobuf-java-util/3.9.1/protobuf-java-util-3.9.1.jar:/Users/andrei_pushkin/.m2/repository/com/google/code/gson/gson/2.8.6/gson-2.8.6.jar:/Users/andrei_pushkin/.m2/repository/com/google/api/grpc/proto-google-iam-v1/0.12.0/proto-google-iam-v1-0.12.0.jar:/Users/andrei_pushkin/.m2/repository/com/google/guava/guava/28.0-android/guava-28.0-android.jar:/Users/andrei_pushkin/.m2/repository/com/google/guava/failureaccess/1.0.1/failureaccess-1.0.1.jar:/Users/andrei_pushkin/.m2/repository/com/google/guava/listenablefuture/9999.0-empty-to-avoid-conflict-with-guava/listenablefuture-9999.0-empty-to-avoid-conflict-with-guava.jar:/Users/andrei_pushkin/.m2/repository/com/google/code/findbugs/jsr305/3.0.2/jsr305-3.0.2.jar:/Users/andrei_pushkin/.m2/repository/org/checkerframework/checker-compat-qual/2.5.5/checker-compat-qual-2.5.5.jar:/Users/andrei_pushkin/.m2/repository/com/google/errorprone/error_prone_annotations/2.3.2/error_prone_annotations-2.3.2.jar:/Users/andrei_pushkin/.m2/repository/com/google/j2objc/j2objc-annotations/1.3/j2objc-annotations-1.3.jar:/Users/andrei_pushkin/.m2/repository/org/codehaus/mojo/animal-sniffer-annotations/1.17/animal-sniffer-annotations-1.17.jar:/Users/andrei_pushkin/.m2/repository/com/google/api/gax-grpc/1.48.1/gax-grpc-1.48.1.jar:/Users/andrei_pushkin/.m2/repository/io/grpc/grpc-stub/1.23.0/grpc-stub-1.23.0.jar:/Users/andrei_pushkin/.m2/repository/io/grpc/grpc-api/1.23.0/grpc-api-1.23.0.jar:/Users/andrei_pushkin/.m2/repository/io/grpc/grpc-auth/1.23.0/grpc-auth-1.23.0.jar:/Users/andrei_pushkin/.m2/repository/io/grpc/grpc-protobuf/1.23.0/grpc-protobuf-1.23.0.jar:/Users/andrei_pushkin/.m2/repository/io/grpc/grpc-protobuf-lite/1.23.0/grpc-protobuf-lite-1.23.0.jar:/Users/andrei_pushkin/.m2/repository/org/threeten/threetenbp/1.3.3/threetenbp-1.3.3.jar:/Users/andrei_pushkin/.m2/repository/com/google/auth/google-auth-library-oauth2-http/0.17.1/google-auth-library-oauth2-http-0.17.1.jar:/Users/andrei_pushkin/.m2/repository/com/google/auto/value/auto-value-annotations/1.6.6/auto-value-annotations-1.6.6.jar:/Users/andrei_pushkin/.m2/repository/com/google/http-client/google-http-client/1.31.0/google-http-client-1.31.0.jar:/Users/andrei_pushkin/.m2/repository/org/apache/httpcomponents/httpclient/4.5.10/httpclient-4.5.10.jar:/Users/andrei_pushkin/.m2/repository/commons-codec/commons-codec/1.13/commons-codec-1.13.jar:/Users/andrei_pushkin/.m2/repository/org/apache/httpcomponents/httpcore/4.4.12/httpcore-4.4.12.jar:/Users/andrei_pushkin/.m2/repository/io/opencensus/opencensus-contrib-http-util/0.21.0/opencensus-contrib-http-util-0.21.0.jar:/Users/andrei_pushkin/.m2/repository/com/google/http-client/google-http-client-jackson2/1.31.0/google-http-client-jackson2-1.31.0.jar:/Users/andrei_pushkin/.m2/repository/io/grpc/grpc-netty-shaded/1.23.0/grpc-netty-shaded-1.23.0.jar:/Users/andrei_pushkin/.m2/repository/io/grpc/grpc-core/1.23.0/grpc-core-1.23.0.jar:/Users/andrei_pushkin/.m2/repository/com/google/android/annotations/4.1.1.4/annotations-4.1.1.4.jar:/Users/andrei_pushkin/.m2/repository/io/perfmark/perfmark-api/0.17.0/perfmark-api-0.17.0.jar:/Users/andrei_pushkin/.m2/repository/io/opencensus/opencensus-contrib-grpc-metrics/0.21.0/opencensus-contrib-grpc-metrics-0.21.0.jar:/Users/andrei_pushkin/.m2/repository/io/grpc/grpc-alts/1.23.0/grpc-alts-1.23.0.jar:/Users/andrei_pushkin/.m2/repository/io/grpc/grpc-grpclb/1.23.0/grpc-grpclb-1.23.0.jar:/Users/andrei_pushkin/.m2/repository/org/apache/commons/commons-lang3/3.9/commons-lang3-3.9.jar:/Users/andrei_pushkin/.m2/repository/com/google/api/grpc/proto-google-cloud-monitoring-v3/1.75.0/proto-google-cloud-monitoring-v3-1.75.0.jar:/Users/andrei_pushkin/.m2/repository/com/google/protobuf/protobuf-java/3.10.0/protobuf-java-3.10.0.jar:/Users/andrei_pushkin/.m2/repository/com/google/api/api-common/1.8.1/api-common-1.8.1.jar:/Users/andrei_pushkin/.m2/repository/com/google/api/grpc/proto-google-common-protos/1.16.0/proto-google-common-protos-1.16.0.jar:/Users/andrei_pushkin/.m2/repository/org/slf4j/slf4j-api/1.7.29/slf4j-api-1.7.29.jar:/Users/andrei_pushkin/.m2/repository/org/springframework/boot/spring-boot-starter-actuator/2.3.0.M1/spring-boot-starter-actuator-2.3.0.M1.jar:/Users/andrei_pushkin/.m2/repository/org/springframework/boot/spring-boot-starter/2.3.0.M1/spring-boot-starter-2.3.0.M1.jar:/Users/andrei_pushkin/.m2/repository/org/springframework/boot/spring-boot/2.3.0.M1/spring-boot-2.3.0.M1.jar:/Users/andrei_pushkin/.m2/repository/org/springframework/boot/spring-boot-autoconfigure/2.3.0.M1/spring-boot-autoconfigure-2.3.0.M1.jar:/Users/andrei_pushkin/.m2/repository/org/springframework/boot/spring-boot-starter-logging/2.3.0.M1/spring-boot-starter-logging-2.3.0.M1.jar:/Users/andrei_pushkin/.m2/repository/ch/qos/logback/logback-classic/1.2.3/logback-classic-1.2.3.jar:/Users/andrei_pushkin/.m2/repository/ch/qos/logback/logback-core/1.2.3/logback-core-1.2.3.jar:/Users/andrei_pushkin/.m2/repository/org/apache/logging/log4j/log4j-to-slf4j/2.12.1/log4j-to-slf4j-2.12.1.jar:/Users/andrei_pushkin/.m2/repository/org/apache/logging/log4j/log4j-api/2.12.1/log4j-api-2.12.1.jar:/Users/andrei_pushkin/.m2/repository/org/slf4j/jul-to-slf4j/1.7.29/jul-to-slf4j-1.7.29.jar:/Users/andrei_pushkin/.m2/repository/jakarta/annotation/jakarta.annotation-api/1.3.5/jakarta.annotation-api-1.3.5.jar:/Users/andrei_pushkin/.m2/repository/org/yaml/snakeyaml/1.25/snakeyaml-1.25.jar:/Users/andrei_pushkin/.m2/repository/org/springframework/boot/spring-boot-actuator-autoconfigure/2.3.0.M1/spring-boot-actuator-autoconfigure-2.3.0.M1.jar:/Users/andrei_pushkin/.m2/repository/org/springframework/boot/spring-boot-actuator/2.3.0.M1/spring-boot-actuator-2.3.0.M1.jar:/Users/andrei_pushkin/.m2/repository/com/fasterxml/jackson/core/jackson-databind/2.10.1/jackson-databind-2.10.1.jar:/Users/andrei_pushkin/.m2/repository/com/fasterxml/jackson/core/jackson-annotations/2.10.1/jackson-annotations-2.10.1.jar:/Users/andrei_pushkin/.m2/repository/com/fasterxml/jackson/core/jackson-core/2.10.1/jackson-core-2.10.1.jar:/Users/andrei_pushkin/.m2/repository/com/fasterxml/jackson/datatype/jackson-datatype-jsr310/2.10.1/jackson-datatype-jsr310-2.10.1.jar:/Users/andrei_pushkin/.m2/repository/org/springframework/spring-context/5.2.3.RELEASE/spring-context-5.2.3.RELEASE.jar:/Users/andrei_pushkin/.m2/repository/org/springframework/boot/spring-boot-starter-web/2.3.0.M1/spring-boot-starter-web-2.3.0.M1.jar:/Users/andrei_pushkin/.m2/repository/org/springframework/boot/spring-boot-starter-json/2.3.0.M1/spring-boot-starter-json-2.3.0.M1.jar:/Users/andrei_pushkin/.m2/repository/com/fasterxml/jackson/datatype/jackson-datatype-jdk8/2.10.1/jackson-datatype-jdk8-2.10.1.jar:/Users/andrei_pushkin/.m2/repository/com/fasterxml/jackson/module/jackson-module-parameter-names/2.10.1/jackson-module-parameter-names-2.10.1.jar:/Users/andrei_pushkin/.m2/repository/org/springframework/boot/spring-boot-starter-tomcat/2.3.0.M1/spring-boot-starter-tomcat-2.3.0.M1.jar:/Users/andrei_pushkin/.m2/repository/org/apache/tomcat/embed/tomcat-embed-core/9.0.30/tomcat-embed-core-9.0.30.jar:/Users/andrei_pushkin/.m2/repository/org/glassfish/jakarta.el/3.0.3/jakarta.el-3.0.3.jar:/Users/andrei_pushkin/.m2/repository/org/apache/tomcat/embed/tomcat-embed-websocket/9.0.30/tomcat-embed-websocket-9.0.30.jar:/Users/andrei_pushkin/.m2/repository/org/springframework/spring-web/5.2.3.RELEASE/spring-web-5.2.3.RELEASE.jar:/Users/andrei_pushkin/.m2/repository/org/springframework/spring-beans/5.2.3.RELEASE/spring-beans-5.2.3.RELEASE.jar:/Users/andrei_pushkin/.m2/repository/org/springframework/spring-webmvc/5.2.3.RELEASE/spring-webmvc-5.2.3.RELEASE.jar:/Users/andrei_pushkin/.m2/repository/org/springframework/spring-aop/5.2.3.RELEASE/spring-aop-5.2.3.RELEASE.jar:/Users/andrei_pushkin/.m2/repository/org/springframework/spring-expression/5.2.3.RELEASE/spring-expression-5.2.3.RELEASE.jar:/Users/andrei_pushkin/.m2/repository/org/springframework/boot/spring-boot-starter-test/2.3.0.M1/spring-boot-starter-test-2.3.0.M1.jar:/Users/andrei_pushkin/.m2/repository/org/springframework/boot/spring-boot-test/2.3.0.M1/spring-boot-test-2.3.0.M1.jar:/Users/andrei_pushkin/.m2/repository/org/springframework/boot/spring-boot-test-autoconfigure/2.3.0.M1/spring-boot-test-autoconfigure-2.3.0.M1.jar:/Users/andrei_pushkin/.m2/repository/com/jayway/jsonpath/json-path/2.4.0/json-path-2.4.0.jar:/Users/andrei_pushkin/.m2/repository/net/minidev/json-smart/2.3/json-smart-2.3.jar:/Users/andrei_pushkin/.m2/repository/net/minidev/accessors-smart/1.2/accessors-smart-1.2.jar:/Users/andrei_pushkin/.m2/repository/org/ow2/asm/asm/5.0.4/asm-5.0.4.jar:/Users/andrei_pushkin/.m2/repository/jakarta/xml/bind/jakarta.xml.bind-api/2.3.2/jakarta.xml.bind-api-2.3.2.jar:/Users/andrei_pushkin/.m2/repository/jakarta/activation/jakarta.activation-api/1.2.1/jakarta.activation-api-1.2.1.jar:/Users/andrei_pushkin/.m2/repository/org/assertj/assertj-core/3.14.0/assertj-core-3.14.0.jar:/Users/andrei_pushkin/.m2/repository/org/hamcrest/hamcrest/2.2/hamcrest-2.2.jar:/Users/andrei_pushkin/.m2/repository/org/junit/jupiter/junit-jupiter/5.5.2/junit-jupiter-5.5.2.jar:/Users/andrei_pushkin/.m2/repository/org/junit/jupiter/junit-jupiter-api/5.5.2/junit-jupiter-api-5.5.2.jar:/Users/andrei_pushkin/.m2/repository/org/apiguardian/apiguardian-api/1.1.0/apiguardian-api-1.1.0.jar:/Users/andrei_pushkin/.m2/repository/org/opentest4j/opentest4j/1.2.0/opentest4j-1.2.0.jar:/Users/andrei_pushkin/.m2/repository/org/junit/platform/junit-platform-commons/1.5.2/junit-platform-commons-1.5.2.jar:/Users/andrei_pushkin/.m2/repository/org/junit/jupiter/junit-jupiter-params/5.5.2/junit-jupiter-params-5.5.2.jar:/Users/andrei_pushkin/.m2/repository/org/junit/jupiter/junit-jupiter-engine/5.5.2/junit-jupiter-engine-5.5.2.jar:/Users/andrei_pushkin/.m2/repository/org/junit/platform/junit-platform-engine/1.5.2/junit-platform-engine-1.5.2.jar:/Users/andrei_pushkin/.m2/repository/org/mockito/mockito-core/3.2.0/mockito-core-3.2.0.jar:/Users/andrei_pushkin/.m2/repository/net/bytebuddy/byte-buddy/1.10.4/byte-buddy-1.10.4.jar:/Users/andrei_pushkin/.m2/repository/net/bytebuddy/byte-buddy-agent/1.10.4/byte-buddy-agent-1.10.4.jar:/Users/andrei_pushkin/.m2/repository/org/objenesis/objenesis/2.6/objenesis-2.6.jar:/Users/andrei_pushkin/.m2/repository/org/mockito/mockito-junit-jupiter/3.2.0/mockito-junit-jupiter-3.2.0.jar:/Users/andrei_pushkin/.m2/repository/org/skyscreamer/jsonassert/1.5.0/jsonassert-1.5.0.jar:/Users/andrei_pushkin/.m2/repository/com/vaadin/external/google/android-json/0.0.20131108.vaadin1/android-json-0.0.20131108.vaadin1.jar:/Users/andrei_pushkin/.m2/repository/org/springframework/spring-core/5.2.3.RELEASE/spring-core-5.2.3.RELEASE.jar:/Users/andrei_pushkin/.m2/repository/org/springframework/spring-jcl/5.2.3.RELEASE/spring-jcl-5.2.3.RELEASE.jar:/Users/andrei_pushkin/.m2/repository/org/springframework/spring-test/5.2.3.RELEASE/spring-test-5.2.3.RELEASE.jar:/Users/andrei_pushkin/.m2/repository/org/xmlunit/xmlunit-core/2.6.3/xmlunit-core-2.6.3.jar:"/>
    <property name="sun.cpu.endian" value="little"/>
    <property name="user.home" value="/Users/andrei_pushkin"/>
    <property name="user.language" value="en"/>
    <property name="java.specification.vendor" value="Oracle Corporation"/>
    <property name="java.version.date" value="2020-01-14"/>
    <property name="java.home" value="/Library/Java/JavaVirtualMachines/jdk-11.0.6.jdk/Contents/Home"/>
    <property name="file.separator" value="/"/>
    <property name="basedir" value="/Users/andrei_pushkin/mygcp.git/kube/backend"/>
    <property name="java.vm.compressedOopsMode" value="Zero based"/>
    <property name="line.separator" value="&#10;"/>
    <property name="java.specification.name" value="Java Platform API Specification"/>
    <property name="java.vm.specification.vendor" value="Oracle Corporation"/>
    <property name="java.awt.graphicsenv" value="sun.awt.CGraphicsEnvironment"/>
    <property name="surefire.real.class.path" value="/Users/andrei_pushkin/mygcp.git/kube/backend/target/surefire/surefirebooter11714478316694461861.jar"/>
    <property name="sun.management.compiler" value="HotSpot 64-Bit Tiered Compilers"/>
    <property name="ftp.nonProxyHosts" value="local|*.local|169.254/16|*.169.254/16"/>
    <property name="java.runtime.version" value="11.0.6+8-LTS"/>
    <property name="user.name" value="andrei_pushkin"/>
    <property name="path.separator" value=":"/>
    <property name="os.version" value="10.15.3"/>
    <property name="java.runtime.name" value="Java(TM) SE Runtime Environment"/>
    <property name="file.encoding" value="UTF-8"/>
    <property name="java.vm.name" value="Java HotSpot(TM) 64-Bit Server VM"/>
    <property name="java.vendor.version" value="18.9"/>
    <property name="localRepository" value="/Users/andrei_pushkin/.m2/repository"/>
    <property name="java.vendor.url.bug" value="http://bugreport.java.com/bugreport/"/>
    <property name="java.io.tmpdir" value="/var/folders/cm/6y_vfpsd0xb6lktf_7qgv389khvsbd/T/"/>
    <property name="idea.version" value="2018.2.8"/>
    <property name="java.version" value="11.0.6"/>
    <property name="user.dir" value="/Users/andrei_pushkin/mygcp.git/kube/backend"/>
    <property name="os.arch" value="x86_64"/>
    <property name="java.vm.specification.name" value="Java Virtual Machine Specification"/>
    <property name="java.awt.printerjob" value="sun.lwawt.macosx.CPrinterJob"/>
    <property name="sun.os.patch.level" value="unknown"/>
    <property name="java.library.path" value="/Users/andrei_pushkin/Library/Java/Extensions:/Library/Java/Extensions:/Network/Library/Java/Extensions:/System/Library/Java/Extensions:/usr/lib/java:."/>
    <property name="java.vendor" value="Oracle Corporation"/>
    <property name="java.vm.info" value="mixed mode"/>
    <property name="java.vm.version" value="11.0.6+8-LTS"/>
    <property name="sun.io.unicode.encoding" value="UnicodeBig"/>
    <property name="java.class.version" value="55.0"/>
    <property name="socksNonProxyHosts" value="local|*.local|169.254/16|*.169.254/16"/>
  </properties>
  <testcase name="contextLoads" classname="kube.BackendAppTests" time="0.345"/>
</testsuite>